ARM GAS  C:\Users\21945\AppData\Local\Temp\cc76ntFZ.s 			page 1


   1              		.cpu cortex-m3
   2              		.arch armv7-m
   3              		.fpu softvfp
   4              		.eabi_attribute 20, 1
   5              		.eabi_attribute 21, 1
   6              		.eabi_attribute 23, 3
   7              		.eabi_attribute 24, 1
   8              		.eabi_attribute 25, 1
   9              		.eabi_attribute 26, 1
  10              		.eabi_attribute 30, 1
  11              		.eabi_attribute 34, 1
  12              		.eabi_attribute 18, 4
  13              		.file	"gpio.c"
  14              		.text
  15              	.Ltext0:
  16              		.cfi_sections	.debug_frame
  17              		.section	.text.MX_GPIO_Init,"ax",%progbits
  18              		.align	1
  19              		.global	MX_GPIO_Init
  20              		.syntax unified
  21              		.thumb
  22              		.thumb_func
  24              	MX_GPIO_Init:
  25              	.LFB65:
  26              		.file 1 "Core/Src/gpio.c"
   1:Core/Src/gpio.c **** /**
   2:Core/Src/gpio.c ****   ******************************************************************************
   3:Core/Src/gpio.c ****   * File Name          : gpio.c
   4:Core/Src/gpio.c ****   * Description        : This file provides code for the configuration
   5:Core/Src/gpio.c ****   *                      of all used GPIO pins.
   6:Core/Src/gpio.c ****   ******************************************************************************
   7:Core/Src/gpio.c ****   * @attention
   8:Core/Src/gpio.c ****   *
   9:Core/Src/gpio.c ****   * <h2><center>&copy; Copyright (c) 2023 STMicroelectronics.
  10:Core/Src/gpio.c ****   * All rights reserved.</center></h2>
  11:Core/Src/gpio.c ****   *
  12:Core/Src/gpio.c ****   * This software component is licensed by ST under BSD 3-Clause license,
  13:Core/Src/gpio.c ****   * the "License"; You may not use this file except in compliance with the
  14:Core/Src/gpio.c ****   * License. You may obtain a copy of the License at:
  15:Core/Src/gpio.c ****   *                        opensource.org/licenses/BSD-3-Clause
  16:Core/Src/gpio.c ****   *
  17:Core/Src/gpio.c ****   ******************************************************************************
  18:Core/Src/gpio.c ****   */
  19:Core/Src/gpio.c **** 
  20:Core/Src/gpio.c **** /* Includes ------------------------------------------------------------------*/
  21:Core/Src/gpio.c **** #include "gpio.h"
  22:Core/Src/gpio.c **** /* USER CODE BEGIN 0 */
  23:Core/Src/gpio.c **** 
  24:Core/Src/gpio.c **** /* USER CODE END 0 */
  25:Core/Src/gpio.c **** 
  26:Core/Src/gpio.c **** /*----------------------------------------------------------------------------*/
  27:Core/Src/gpio.c **** /* Configure GPIO                                                             */
  28:Core/Src/gpio.c **** /*----------------------------------------------------------------------------*/
  29:Core/Src/gpio.c **** /* USER CODE BEGIN 1 */
  30:Core/Src/gpio.c **** 
  31:Core/Src/gpio.c **** /* USER CODE END 1 */
  32:Core/Src/gpio.c **** 
ARM GAS  C:\Users\21945\AppData\Local\Temp\cc76ntFZ.s 			page 2


  33:Core/Src/gpio.c **** /** Configure pins as
  34:Core/Src/gpio.c ****         * Analog
  35:Core/Src/gpio.c ****         * Input
  36:Core/Src/gpio.c ****         * Output
  37:Core/Src/gpio.c ****         * EVENT_OUT
  38:Core/Src/gpio.c ****         * EXTI
  39:Core/Src/gpio.c **** */
  40:Core/Src/gpio.c **** void MX_GPIO_Init(void)
  41:Core/Src/gpio.c **** {
  27              		.loc 1 41 1 view -0
  28              		.cfi_startproc
  29              		@ args = 0, pretend = 0, frame = 32
  30              		@ frame_needed = 0, uses_anonymous_args = 0
  31 0000 30B5     		push	{r4, r5, lr}
  32              	.LCFI0:
  33              		.cfi_def_cfa_offset 12
  34              		.cfi_offset 4, -12
  35              		.cfi_offset 5, -8
  36              		.cfi_offset 14, -4
  37 0002 89B0     		sub	sp, sp, #36
  38              	.LCFI1:
  39              		.cfi_def_cfa_offset 48
  42:Core/Src/gpio.c **** 
  43:Core/Src/gpio.c ****   GPIO_InitTypeDef GPIO_InitStruct = {0};
  40              		.loc 1 43 3 view .LVU1
  41              		.loc 1 43 20 is_stmt 0 view .LVU2
  42 0004 0024     		movs	r4, #0
  43 0006 0494     		str	r4, [sp, #16]
  44 0008 0594     		str	r4, [sp, #20]
  45 000a 0694     		str	r4, [sp, #24]
  46 000c 0794     		str	r4, [sp, #28]
  44:Core/Src/gpio.c **** 
  45:Core/Src/gpio.c ****   /* GPIO Ports Clock Enable */
  46:Core/Src/gpio.c ****   __HAL_RCC_GPIOD_CLK_ENABLE();
  47              		.loc 1 46 3 is_stmt 1 view .LVU3
  48              	.LBB2:
  49              		.loc 1 46 3 view .LVU4
  50              		.loc 1 46 3 view .LVU5
  51 000e 1C4B     		ldr	r3, .L3
  52 0010 9A69     		ldr	r2, [r3, #24]
  53 0012 42F02002 		orr	r2, r2, #32
  54 0016 9A61     		str	r2, [r3, #24]
  55              		.loc 1 46 3 view .LVU6
  56 0018 9A69     		ldr	r2, [r3, #24]
  57 001a 02F02002 		and	r2, r2, #32
  58 001e 0092     		str	r2, [sp]
  59              		.loc 1 46 3 view .LVU7
  60 0020 009A     		ldr	r2, [sp]
  61              	.LBE2:
  62              		.loc 1 46 3 view .LVU8
  47:Core/Src/gpio.c ****   __HAL_RCC_GPIOA_CLK_ENABLE();
  63              		.loc 1 47 3 view .LVU9
  64              	.LBB3:
  65              		.loc 1 47 3 view .LVU10
  66              		.loc 1 47 3 view .LVU11
  67 0022 9A69     		ldr	r2, [r3, #24]
  68 0024 42F00402 		orr	r2, r2, #4
ARM GAS  C:\Users\21945\AppData\Local\Temp\cc76ntFZ.s 			page 3


  69 0028 9A61     		str	r2, [r3, #24]
  70              		.loc 1 47 3 view .LVU12
  71 002a 9A69     		ldr	r2, [r3, #24]
  72 002c 02F00402 		and	r2, r2, #4
  73 0030 0192     		str	r2, [sp, #4]
  74              		.loc 1 47 3 view .LVU13
  75 0032 019A     		ldr	r2, [sp, #4]
  76              	.LBE3:
  77              		.loc 1 47 3 view .LVU14
  48:Core/Src/gpio.c ****   __HAL_RCC_GPIOC_CLK_ENABLE();
  78              		.loc 1 48 3 view .LVU15
  79              	.LBB4:
  80              		.loc 1 48 3 view .LVU16
  81              		.loc 1 48 3 view .LVU17
  82 0034 9A69     		ldr	r2, [r3, #24]
  83 0036 42F01002 		orr	r2, r2, #16
  84 003a 9A61     		str	r2, [r3, #24]
  85              		.loc 1 48 3 view .LVU18
  86 003c 9A69     		ldr	r2, [r3, #24]
  87 003e 02F01002 		and	r2, r2, #16
  88 0042 0292     		str	r2, [sp, #8]
  89              		.loc 1 48 3 view .LVU19
  90 0044 029A     		ldr	r2, [sp, #8]
  91              	.LBE4:
  92              		.loc 1 48 3 view .LVU20
  49:Core/Src/gpio.c ****   __HAL_RCC_GPIOB_CLK_ENABLE();
  93              		.loc 1 49 3 view .LVU21
  94              	.LBB5:
  95              		.loc 1 49 3 view .LVU22
  96              		.loc 1 49 3 view .LVU23
  97 0046 9A69     		ldr	r2, [r3, #24]
  98 0048 42F00802 		orr	r2, r2, #8
  99 004c 9A61     		str	r2, [r3, #24]
 100              		.loc 1 49 3 view .LVU24
 101 004e 9B69     		ldr	r3, [r3, #24]
 102 0050 03F00803 		and	r3, r3, #8
 103 0054 0393     		str	r3, [sp, #12]
 104              		.loc 1 49 3 view .LVU25
 105 0056 039B     		ldr	r3, [sp, #12]
 106              	.LBE5:
 107              		.loc 1 49 3 view .LVU26
  50:Core/Src/gpio.c **** 
  51:Core/Src/gpio.c ****   /*Configure GPIO pins : PAPin PAPin PAPin PAPin */
  52:Core/Src/gpio.c ****   GPIO_InitStruct.Pin = VB1_Pin|VB2_Pin|VB3_Pin|VB4_Pin;
 108              		.loc 1 52 3 view .LVU27
 109              		.loc 1 52 23 is_stmt 0 view .LVU28
 110 0058 F023     		movs	r3, #240
 111 005a 0493     		str	r3, [sp, #16]
  53:Core/Src/gpio.c ****   GPIO_InitStruct.Mode = GPIO_MODE_INPUT;
 112              		.loc 1 53 3 is_stmt 1 view .LVU29
  54:Core/Src/gpio.c ****   GPIO_InitStruct.Pull = GPIO_PULLDOWN;
 113              		.loc 1 54 3 view .LVU30
 114              		.loc 1 54 24 is_stmt 0 view .LVU31
 115 005c 0225     		movs	r5, #2
 116 005e 0695     		str	r5, [sp, #24]
  55:Core/Src/gpio.c ****   HAL_GPIO_Init(GPIOA, &GPIO_InitStruct);
 117              		.loc 1 55 3 is_stmt 1 view .LVU32
ARM GAS  C:\Users\21945\AppData\Local\Temp\cc76ntFZ.s 			page 4


 118 0060 04A9     		add	r1, sp, #16
 119 0062 0848     		ldr	r0, .L3+4
 120 0064 FFF7FEFF 		bl	HAL_GPIO_Init
 121              	.LVL0:
  56:Core/Src/gpio.c **** 
  57:Core/Src/gpio.c ****   /*Configure GPIO pin : PtPin */
  58:Core/Src/gpio.c ****   GPIO_InitStruct.Pin = VB5_Pin;
 122              		.loc 1 58 3 view .LVU33
 123              		.loc 1 58 23 is_stmt 0 view .LVU34
 124 0068 1023     		movs	r3, #16
 125 006a 0493     		str	r3, [sp, #16]
  59:Core/Src/gpio.c ****   GPIO_InitStruct.Mode = GPIO_MODE_INPUT;
 126              		.loc 1 59 3 is_stmt 1 view .LVU35
 127              		.loc 1 59 24 is_stmt 0 view .LVU36
 128 006c 0594     		str	r4, [sp, #20]
  60:Core/Src/gpio.c ****   GPIO_InitStruct.Pull = GPIO_PULLDOWN;
 129              		.loc 1 60 3 is_stmt 1 view .LVU37
 130              		.loc 1 60 24 is_stmt 0 view .LVU38
 131 006e 0695     		str	r5, [sp, #24]
  61:Core/Src/gpio.c ****   HAL_GPIO_Init(VB5_GPIO_Port, &GPIO_InitStruct);
 132              		.loc 1 61 3 is_stmt 1 view .LVU39
 133 0070 0DEB0301 		add	r1, sp, r3
 134 0074 0448     		ldr	r0, .L3+8
 135 0076 FFF7FEFF 		bl	HAL_GPIO_Init
 136              	.LVL1:
  62:Core/Src/gpio.c **** 
  63:Core/Src/gpio.c **** }
 137              		.loc 1 63 1 is_stmt 0 view .LVU40
 138 007a 09B0     		add	sp, sp, #36
 139              	.LCFI2:
 140              		.cfi_def_cfa_offset 12
 141              		@ sp needed
 142 007c 30BD     		pop	{r4, r5, pc}
 143              	.L4:
 144 007e 00BF     		.align	2
 145              	.L3:
 146 0080 00100240 		.word	1073876992
 147 0084 00080140 		.word	1073809408
 148 0088 00100140 		.word	1073811456
 149              		.cfi_endproc
 150              	.LFE65:
 152              		.text
 153              	.Letext0:
 154              		.file 2 "c:\\program files (x86)\\gnu arm embedded toolchain\\10 2021.10\\arm-none-eabi\\include\\
 155              		.file 3 "c:\\program files (x86)\\gnu arm embedded toolchain\\10 2021.10\\arm-none-eabi\\include\\
 156              		.file 4 "Drivers/CMSIS/Device/ST/STM32F1xx/Include/stm32f103xe.h"
 157              		.file 5 "Drivers/STM32F1xx_HAL_Driver/Inc/stm32f1xx_hal_gpio.h"
ARM GAS  C:\Users\21945\AppData\Local\Temp\cc76ntFZ.s 			page 5


DEFINED SYMBOLS
                            *ABS*:00000000 gpio.c
C:\Users\21945\AppData\Local\Temp\cc76ntFZ.s:18     .text.MX_GPIO_Init:00000000 $t
C:\Users\21945\AppData\Local\Temp\cc76ntFZ.s:24     .text.MX_GPIO_Init:00000000 MX_GPIO_Init
C:\Users\21945\AppData\Local\Temp\cc76ntFZ.s:146    .text.MX_GPIO_Init:00000080 $d

UNDEFINED SYMBOLS
HAL_GPIO_Init
